INFO 2020-05-26 22:45:16,676 "GET / HTTP/1.1" 200 5208
INFO 2020-05-26 22:45:25,275 "POST /login/ HTTP/1.1" 302 0
INFO 2020-05-26 22:45:25,280 "GET / HTTP/1.1" 200 5252
INFO 2020-05-26 22:45:31,279 "GET /registration/ HTTP/1.1" 200 6493
WARNING 2020-05-26 22:45:31,415 Not Found: /registration/static/images/IIIT-B_logo.jpg
WARNING 2020-05-26 22:45:31,415 Not Found: /registration/static/images/IIIT-B_logo.jpg
WARNING 2020-05-26 22:45:31,416 "GET /registration/static/images/IIIT-B_logo.jpg HTTP/1.1" 404 3953
ERROR 2020-05-26 22:45:46,441 Internal Server Error: /saveUser/
Traceback (most recent call last):
  File "/home/parthendo/.local/share/virtualenvs/CallOJ-wKDWXaFF/lib/python3.6/site-packages/django/core/handlers/exception.py", line 34, in inner
    response = get_response(request)
  File "/home/parthendo/.local/share/virtualenvs/CallOJ-wKDWXaFF/lib/python3.6/site-packages/django/core/handlers/base.py", line 126, in _get_response
    response = self.process_exception_by_middleware(e, request)
  File "/home/parthendo/.local/share/virtualenvs/CallOJ-wKDWXaFF/lib/python3.6/site-packages/django/core/handlers/base.py", line 124, in _get_response
    response = wrapped_callback(request, *callback_args, **callback_kwargs)
  File "/home/parthendo/Desktop/CallOJ/login/views.py", line 118, in saveUserView
    os.mkdir(path,mode)
FileNotFoundError: [Errno 2] No such file or directory: '/home/parthendo/Desktop/CallOJ/media/submittedFiles/parthendo'
ERROR 2020-05-26 22:45:46,441 Internal Server Error: /saveUser/
Traceback (most recent call last):
  File "/home/parthendo/.local/share/virtualenvs/CallOJ-wKDWXaFF/lib/python3.6/site-packages/django/core/handlers/exception.py", line 34, in inner
    response = get_response(request)
  File "/home/parthendo/.local/share/virtualenvs/CallOJ-wKDWXaFF/lib/python3.6/site-packages/django/core/handlers/base.py", line 126, in _get_response
    response = self.process_exception_by_middleware(e, request)
  File "/home/parthendo/.local/share/virtualenvs/CallOJ-wKDWXaFF/lib/python3.6/site-packages/django/core/handlers/base.py", line 124, in _get_response
    response = wrapped_callback(request, *callback_args, **callback_kwargs)
  File "/home/parthendo/Desktop/CallOJ/login/views.py", line 118, in saveUserView
    os.mkdir(path,mode)
FileNotFoundError: [Errno 2] No such file or directory: '/home/parthendo/Desktop/CallOJ/media/submittedFiles/parthendo'
ERROR 2020-05-26 22:45:46,442 "POST /saveUser/ HTTP/1.1" 500 78018
WARNING 2020-05-26 22:45:46,580 Not Found: /favicon.ico
WARNING 2020-05-26 22:45:46,580 Not Found: /favicon.ico
WARNING 2020-05-26 22:45:46,581 "GET /favicon.ico HTTP/1.1" 404 3860
ERROR 2020-05-26 22:46:36,525 Internal Server Error: /saveUser/
Traceback (most recent call last):
  File "/home/parthendo/.local/share/virtualenvs/CallOJ-wKDWXaFF/lib/python3.6/site-packages/django/core/handlers/exception.py", line 34, in inner
    response = get_response(request)
  File "/home/parthendo/.local/share/virtualenvs/CallOJ-wKDWXaFF/lib/python3.6/site-packages/django/core/handlers/base.py", line 126, in _get_response
    response = self.process_exception_by_middleware(e, request)
  File "/home/parthendo/.local/share/virtualenvs/CallOJ-wKDWXaFF/lib/python3.6/site-packages/django/core/handlers/base.py", line 124, in _get_response
    response = wrapped_callback(request, *callback_args, **callback_kwargs)
  File "/home/parthendo/Desktop/CallOJ/login/views.py", line 118, in saveUserView
    os.mkdir(path,mode)
FileNotFoundError: [Errno 2] No such file or directory: '/home/parthendo/Desktop/CallOJ/media/submittedFiles/parthendo'
ERROR 2020-05-26 22:46:36,525 Internal Server Error: /saveUser/
Traceback (most recent call last):
  File "/home/parthendo/.local/share/virtualenvs/CallOJ-wKDWXaFF/lib/python3.6/site-packages/django/core/handlers/exception.py", line 34, in inner
    response = get_response(request)
  File "/home/parthendo/.local/share/virtualenvs/CallOJ-wKDWXaFF/lib/python3.6/site-packages/django/core/handlers/base.py", line 126, in _get_response
    response = self.process_exception_by_middleware(e, request)
  File "/home/parthendo/.local/share/virtualenvs/CallOJ-wKDWXaFF/lib/python3.6/site-packages/django/core/handlers/base.py", line 124, in _get_response
    response = wrapped_callback(request, *callback_args, **callback_kwargs)
  File "/home/parthendo/Desktop/CallOJ/login/views.py", line 118, in saveUserView
    os.mkdir(path,mode)
FileNotFoundError: [Errno 2] No such file or directory: '/home/parthendo/Desktop/CallOJ/media/submittedFiles/parthendo'
ERROR 2020-05-26 22:46:36,526 "POST /saveUser/ HTTP/1.1" 500 77803
INFO 2020-05-26 22:47:09,294 "POST /saveUser/ HTTP/1.1" 200 62
INFO 2020-05-26 22:47:26,049 "GET /activate/MQ/5gt-ce0c935436c0730bc592/ HTTP/1.1" 302 0
INFO 2020-05-26 22:47:26,062 "GET / HTTP/1.1" 200 5287
INFO 2020-05-26 22:47:26,231 "GET /static/vendor/bootstrap/css/bootstrap.min.css HTTP/1.1" 200 8192
INFO 2020-05-26 22:47:26,283 "GET /static/fonts/Linearicons-Free-v1.0.0/icon-font.min.css HTTP/1.1" 200 7354
INFO 2020-05-26 22:47:26,284 "GET /static/fonts/font-awesome-4.7.0/css/font-awesome.min.css HTTP/1.1" 200 8192
INFO 2020-05-26 22:47:26,404 "GET /static/images/bg-01.jpg HTTP/1.1" 200 24337
INFO 2020-05-26 22:47:26,416 "GET /static/fonts/poppins/Poppins-Bold.ttf HTTP/1.1" 200 141260
INFO 2020-05-26 22:47:26,423 "GET /static/fonts/poppins/Poppins-Regular.ttf HTTP/1.1" 200 145312
INFO 2020-05-26 22:47:26,474 "GET /static/images/CollegeLogo.png HTTP/1.1" 200 43363
INFO 2020-05-26 22:47:31,484 "POST /login/ HTTP/1.1" 302 0
INFO 2020-05-26 22:47:31,509 "GET /dashboard/ HTTP/1.1" 200 3286
INFO 2020-05-26 22:47:31,637 "GET /static/css/dashboard.css HTTP/1.1" 200 839
INFO 2020-05-26 22:47:31,641 "GET /static/images/coding.jpg HTTP/1.1" 200 139789
INFO 2020-05-26 22:47:35,412 "GET /logout/ HTTP/1.1" 302 0
INFO 2020-05-26 22:47:35,418 "GET / HTTP/1.1" 200 5208
INFO 2020-05-26 22:47:35,474 "GET /static/vendor/bootstrap/css/bootstrap.min.css HTTP/1.1" 200 8192
INFO 2020-05-26 22:47:35,485 "GET /static/vendor/animsition/css/animsition.min.css HTTP/1.1" 200 8192
INFO 2020-05-26 22:47:35,496 "GET /static/vendor/daterangepicker/daterangepicker.css HTTP/1.1" 200 8163
INFO 2020-05-26 22:47:35,498 "GET /static/vendor/select2/select2.min.css HTTP/1.1" 200 8192
INFO 2020-05-26 22:47:35,540 "GET /static/images/bg-01.jpg HTTP/1.1" 200 8192
INFO 2020-05-26 22:47:35,547 "GET /static/css/util.css HTTP/1.1" 200 8192
INFO 2020-05-26 22:47:35,572 "GET /static/css/main.css HTTP/1.1" 200 8192
INFO 2020-05-26 22:47:35,576 "GET /static/images/CollegeLogo.png HTTP/1.1" 200 43363
INFO 2020-05-26 22:47:41,338 "POST /login/ HTTP/1.1" 302 0
INFO 2020-05-26 22:47:41,346 "GET /dashboard/ HTTP/1.1" 200 3286
INFO 2020-05-26 22:47:41,411 "GET /static/css/dashboard.css HTTP/1.1" 200 839
INFO 2020-05-26 22:47:43,901 "GET /userprofile/ HTTP/1.1" 200 8126
INFO 2020-05-26 22:47:43,986 "GET /static/css/profile.css HTTP/1.1" 200 1042
INFO 2020-05-26 22:47:44,041 "GET /static/images/jayant.jpg HTTP/1.1" 200 92505
INFO 2020-05-26 22:47:57,391 "GET /userprofile/updateProfile HTTP/1.1" 301 0
INFO 2020-05-26 22:47:57,428 "GET /userprofile/updateProfile/ HTTP/1.1" 200 5799
WARNING 2020-05-26 22:47:57,504 "GET /static/https%3A/stackpath.bootstrapcdn.com/bootstrap/4.4.1/js/bootstrap.bundle.min.js HTTP/1.1" 404 1852
WARNING 2020-05-26 22:47:57,507 "GET /static/https%3A/cdnjs.cloudflare.com/ajax/libs/jquery/3.4.1/jquery.min.js HTTP/1.1" 404 1816
WARNING 2020-05-26 22:47:57,522 "GET /static/https%3A/cdnjs.cloudflare.com/ajax/libs/jquery-easing/1.4.1/jquery.easing.min.js HTTP/1.1" 404 1858
WARNING 2020-05-26 22:47:57,525 "GET /static/assets/mail/jqBootstrapValidation.js HTTP/1.1" 404 1732
INFO 2020-05-26 22:47:57,525 "GET /static/js/scripts.js HTTP/1.1" 200 2427
WARNING 2020-05-26 22:47:57,526 "GET /static/assets/mail/contact_me.js HTTP/1.1" 404 1699
INFO 2020-05-26 22:47:57,548 "GET /static/css/updateProfile.css HTTP/1.1" 200 710
WARNING 2020-05-26 22:47:57,660 "GET /static/https%3A/stackpath.bootstrapcdn.com/bootstrap/4.4.1/js/bootstrap.bundle.min.js HTTP/1.1" 404 1852
WARNING 2020-05-26 22:47:57,687 "GET /static/https%3A/cdnjs.cloudflare.com/ajax/libs/jquery-easing/1.4.1/jquery.easing.min.js HTTP/1.1" 404 1858
WARNING 2020-05-26 22:47:57,697 "GET /static/assets/mail/jqBootstrapValidation.js HTTP/1.1" 404 1732
WARNING 2020-05-26 22:47:57,704 "GET /static/assets/mail/contact_me.js HTTP/1.1" 404 1699
WARNING 2020-05-26 22:47:57,720 Not Found: /favicon.ico
WARNING 2020-05-26 22:47:57,720 Not Found: /favicon.ico
WARNING 2020-05-26 22:47:57,721 "GET /favicon.ico HTTP/1.1" 404 3860
INFO 2020-05-26 22:48:02,298 "GET /userprofile/ HTTP/1.1" 200 8126
INFO 2020-05-26 22:48:08,616 "GET /userprofile/ HTTP/1.1" 200 8126
INFO 2020-05-26 22:48:08,678 "GET /static/css/profile.css HTTP/1.1" 200 1042
INFO 2020-05-26 22:48:12,013 "GET /dashboard/ HTTP/1.1" 200 3286
INFO 2020-05-26 22:48:13,606 "GET /userprofile/ HTTP/1.1" 200 8126
INFO 2020-05-26 22:48:26,639 "GET /contest/all/ HTTP/1.1" 200 6430
INFO 2020-05-26 22:48:26,709 "GET /static/css/allContests.css HTTP/1.1" 200 686
WARNING 2020-05-26 22:48:29,091 Not Found: /favicon.ico
WARNING 2020-05-26 22:48:29,091 Not Found: /favicon.ico
WARNING 2020-05-26 22:48:29,091 "GET /favicon.ico HTTP/1.1" 404 3860
INFO 2020-05-26 22:48:32,941 "GET /dashboard/problems/ HTTP/1.1" 200 7305
INFO 2020-05-26 22:48:32,987 "GET /static/css/problems.css HTTP/1.1" 200 686
WARNING 2020-05-26 22:48:33,045 Not Found: /favicon.ico
WARNING 2020-05-26 22:48:33,045 Not Found: /favicon.ico
WARNING 2020-05-26 22:48:33,046 "GET /favicon.ico HTTP/1.1" 404 3860
INFO 2020-05-26 22:48:37,913 "GET /dashboard/createProblem/ HTTP/1.1" 200 10802
WARNING 2020-05-26 22:48:37,985 "GET /static/form-validation.css HTTP/1.1" 404 1681
INFO 2020-05-26 22:48:37,996 "GET /static/js/uploadFiles.js HTTP/1.1" 200 619
WARNING 2020-05-26 22:48:38,012 "GET /static/https%3A/code.jquery.com/jquery-3.2.1.slim.min.js HTTP/1.1" 404 1765
WARNING 2020-05-26 22:48:38,013 Not Found: /dashboard/createProblem/assets/js/vendor/popper.min.js
WARNING 2020-05-26 22:48:38,013 Not Found: /dashboard/createProblem/assets/js/vendor/popper.min.js
WARNING 2020-05-26 22:48:38,020 Not Found: /dashboard/createProblem/assets/js/vendor/holder.min.js
WARNING 2020-05-26 22:48:38,021 "GET /dashboard/createProblem/assets/js/vendor/popper.min.js HTTP/1.1" 404 5361
WARNING 2020-05-26 22:48:38,020 Not Found: /dashboard/createProblem/assets/js/vendor/holder.min.js
WARNING 2020-05-26 22:48:38,022 "GET /dashboard/createProblem/assets/js/vendor/holder.min.js HTTP/1.1" 404 5361
INFO 2020-05-26 22:48:38,115 "GET /static/css/createproblem.css HTTP/1.1" 200 505
INFO 2020-05-26 22:48:38,116 "GET /static/css/bootstrap.min.css HTTP/1.1" 200 159515
WARNING 2020-05-26 22:48:38,564 "GET /static/https%3A/code.jquery.com/jquery-3.2.1.slim.min.js HTTP/1.1" 404 1765
WARNING 2020-05-26 22:48:38,589 Not Found: /assets/js/vendor/jquery-slim.min.js
WARNING 2020-05-26 22:48:38,589 Not Found: /assets/js/vendor/jquery-slim.min.js
WARNING 2020-05-26 22:48:38,590 "GET /assets/js/vendor/jquery-slim.min.js HTTP/1.1" 404 3932
WARNING 2020-05-26 22:48:38,613 Not Found: /dashboard/createProblem/assets/js/vendor/popper.min.js
WARNING 2020-05-26 22:48:38,613 Not Found: /dashboard/createProblem/assets/js/vendor/popper.min.js
WARNING 2020-05-26 22:48:38,613 "GET /dashboard/createProblem/assets/js/vendor/popper.min.js HTTP/1.1" 404 5361
WARNING 2020-05-26 22:48:38,633 Not Found: /dashboard/createProblem/assets/js/vendor/holder.min.js
WARNING 2020-05-26 22:48:38,633 Not Found: /dashboard/createProblem/assets/js/vendor/holder.min.js
WARNING 2020-05-26 22:48:38,636 "GET /dashboard/createProblem/assets/js/vendor/holder.min.js HTTP/1.1" 404 5361
INFO 2020-05-26 22:48:38,687 "GET /static/js/ckeditor/skins/moono-lisa/editor_gecko.css?t=JB9C HTTP/1.1" 200 35663
INFO 2020-05-26 22:48:38,827 "GET /static/js/ckeditor/plugins/scayt/skins/moono-lisa/scayt.css?t=JB9C HTTP/1.1" 200 381
INFO 2020-05-26 22:48:38,840 "GET /static/js/ckeditor/plugins/scayt/dialogs/dialog.css?t=JB9C HTTP/1.1" 200 419
INFO 2020-05-26 22:48:38,843 "GET /static/js/ckeditor/plugins/tableselection/styles/tableselection.css HTTP/1.1" 200 1145
INFO 2020-05-26 22:48:38,843 "GET /static/js/ckeditor/plugins/wsc/skins/moono-lisa/wsc.css?t=JB9C HTTP/1.1" 200 1306
INFO 2020-05-26 22:48:38,890 "GET /static/js/ckeditor/skins/moono-lisa/icons.png?t=411985373e HTTP/1.1" 200 5881
INFO 2020-05-26 22:48:38,954 "GET /static/js/ckeditor/contents.css?t=JB9C HTTP/1.1" 200 3094
INFO 2020-05-26 22:53:15,534 "POST /dashboard/createProblem/ HTTP/1.1" 302 0
INFO 2020-05-26 22:53:15,546 "GET /dashboard/problems/ HTTP/1.1" 200 9965
INFO 2020-05-26 22:53:15,587 "GET /static/css/problems.css HTTP/1.1" 200 686
INFO 2020-05-26 22:53:19,663 "POST /dashboard/problems/1/ HTTP/1.1" 200 9523
WARNING 2020-05-26 22:53:19,791 "GET /static/js/vendor/popper.min.js HTTP/1.1" 404 1693
WARNING 2020-05-26 22:53:19,799 "GET /static/js/vendor/holder.min.js HTTP/1.1" 404 1693
WARNING 2020-05-26 22:53:20,114 "GET /static/js/vendor/popper.min.js HTTP/1.1" 404 1693
WARNING 2020-05-26 22:53:20,127 "GET /static/js/vendor/holder.min.js HTTP/1.1" 404 1693
WARNING 2020-05-26 22:53:20,255 "GET /static/docs/4.0/assets/img/favicons/favicon.ico HTTP/1.1" 404 1744
INFO 2020-05-26 22:53:33,335 "GET /dashboard/problems/ HTTP/1.1" 200 9965
INFO 2020-05-26 22:53:33,404 "GET /static/css/problems.css HTTP/1.1" 200 686
INFO 2020-05-26 22:53:38,956 "GET /userprofile/ HTTP/1.1" 200 8126
INFO 2020-05-26 22:53:48,431 "POST /userprofile/addCategory/ HTTP/1.1" 302 0
INFO 2020-05-26 22:53:48,473 "GET /userprofile/ HTTP/1.1" 200 8777
INFO 2020-05-26 22:53:50,680 "GET /contest/all/ HTTP/1.1" 200 6430
INFO 2020-05-26 22:53:50,732 "GET /static/css/allContests.css HTTP/1.1" 200 686
INFO 2020-05-26 22:53:51,898 "GET /dashboard/problems/ HTTP/1.1" 200 10046
INFO 2020-05-26 22:54:01,669 "POST /userprofile/addCallOjProblem/1/ HTTP/1.1" 302 0
INFO 2020-05-26 22:54:01,677 "GET /dashboard/problems/ HTTP/1.1" 200 10046
INFO 2020-05-26 22:54:03,444 "GET /userprofile/updateProfile/ HTTP/1.1" 200 5799
WARNING 2020-05-26 22:54:03,523 "GET /static/https%3A/cdnjs.cloudflare.com/ajax/libs/jquery-easing/1.4.1/jquery.easing.min.js HTTP/1.1" 404 1858
WARNING 2020-05-26 22:54:03,533 "GET /static/assets/mail/jqBootstrapValidation.js HTTP/1.1" 404 1732
WARNING 2020-05-26 22:54:03,534 "GET /static/assets/mail/contact_me.js HTTP/1.1" 404 1699
WARNING 2020-05-26 22:54:03,542 "GET /static/https%3A/cdnjs.cloudflare.com/ajax/libs/jquery/3.4.1/jquery.min.js HTTP/1.1" 404 1816
INFO 2020-05-26 22:54:03,547 "GET /static/css/updateProfile.css HTTP/1.1" 200 710
INFO 2020-05-26 22:54:03,549 "GET /static/js/scripts.js HTTP/1.1" 200 2427
WARNING 2020-05-26 22:54:03,549 "GET /static/https%3A/stackpath.bootstrapcdn.com/bootstrap/4.4.1/js/bootstrap.bundle.min.js HTTP/1.1" 404 1852
WARNING 2020-05-26 22:54:03,562 "GET /static/https%3A/cdnjs.cloudflare.com/ajax/libs/jquery-easing/1.4.1/jquery.easing.min.js HTTP/1.1" 404 1858
WARNING 2020-05-26 22:54:03,571 "GET /static/assets/mail/jqBootstrapValidation.js HTTP/1.1" 404 1732
WARNING 2020-05-26 22:54:03,579 "GET /static/assets/mail/contact_me.js HTTP/1.1" 404 1699
INFO 2020-05-26 22:54:05,013 "GET /userprofile/ HTTP/1.1" 200 8777
INFO 2020-05-26 22:56:02,345 "GET /userprofile/updateProfile/ HTTP/1.1" 200 5799
WARNING 2020-05-26 22:56:02,427 "GET /static/https%3A/cdnjs.cloudflare.com/ajax/libs/jquery/3.4.1/jquery.min.js HTTP/1.1" 404 1816
WARNING 2020-05-26 22:56:02,441 "GET /static/assets/mail/jqBootstrapValidation.js HTTP/1.1" 404 1732
WARNING 2020-05-26 22:56:02,443 "GET /static/https%3A/stackpath.bootstrapcdn.com/bootstrap/4.4.1/js/bootstrap.bundle.min.js HTTP/1.1" 404 1852
WARNING 2020-05-26 22:56:02,450 "GET /static/https%3A/cdnjs.cloudflare.com/ajax/libs/jquery-easing/1.4.1/jquery.easing.min.js HTTP/1.1" 404 1858
WARNING 2020-05-26 22:56:02,450 "GET /static/assets/mail/contact_me.js HTTP/1.1" 404 1699
INFO 2020-05-26 22:56:02,450 "GET /static/js/scripts.js HTTP/1.1" 304 0
WARNING 2020-05-26 22:56:02,459 "GET /static/assets/mail/jqBootstrapValidation.js HTTP/1.1" 404 1732
WARNING 2020-05-26 22:56:02,465 "GET /static/assets/mail/contact_me.js HTTP/1.1" 404 1699
INFO 2020-05-26 22:56:12,113 "GET /userprofile/ HTTP/1.1" 200 8777
INFO 2020-05-26 22:57:44,181 "GET /contest/all/ HTTP/1.1" 200 6430
WARNING 2020-05-26 22:57:44,299 Not Found: /favicon.ico
WARNING 2020-05-26 22:57:44,299 Not Found: /favicon.ico
WARNING 2020-05-26 22:57:44,299 "GET /favicon.ico HTTP/1.1" 404 3860
INFO 2020-05-26 22:57:54,413 "GET /about2/ HTTP/1.1" 200 7855
INFO 2020-05-26 22:57:54,631 "GET /static/css/about.css HTTP/1.1" 200 748
INFO 2020-05-26 22:58:00,966 "GET /about1 HTTP/1.1" 301 0
INFO 2020-05-26 22:58:01,082 "GET /about1/ HTTP/1.1" 200 4763
INFO 2020-05-26 22:58:01,160 "GET /static/css/about.css HTTP/1.1" 200 748
INFO 2020-05-26 22:58:04,415 "GET /about3/ HTTP/1.1" 200 5447
INFO 2020-05-26 22:58:04,484 "GET /static/css/about.css HTTP/1.1" 200 748
INFO 2020-05-26 22:58:08,463 "GET /userprofile/ HTTP/1.1" 200 8777
INFO 2020-05-26 22:58:11,790 "GET /contest/all/ HTTP/1.1" 200 6430
INFO 2020-05-26 22:58:12,986 "GET /dashboard/problems/ HTTP/1.1" 200 10046
INFO 2020-05-26 22:58:13,572 "GET /dashboard/ HTTP/1.1" 200 3286
INFO 2020-05-26 23:24:28,322 "GET / HTTP/1.1" 200 5208
INFO 2020-05-26 23:24:28,757 "GET /static/fonts/Linearicons-Free-v1.0.0/icon-font.min.css HTTP/1.1" 200 7354
INFO 2020-05-26 23:24:28,758 "GET /static/vendor/css-hamburgers/hamburgers.min.css HTTP/1.1" 200 19686
INFO 2020-05-26 23:24:28,760 "GET /static/vendor/animate/animate.css HTTP/1.1" 200 23848
INFO 2020-05-26 23:24:28,762 "GET /static/vendor/animsition/css/animsition.min.css HTTP/1.1" 200 27478
INFO 2020-05-26 23:24:28,764 "GET /static/fonts/font-awesome-4.7.0/css/font-awesome.min.css HTTP/1.1" 200 31000
INFO 2020-05-26 23:24:28,850 "GET /static/vendor/bootstrap/css/bootstrap.min.css HTTP/1.1" 200 124962
INFO 2020-05-26 23:24:28,850 "GET /static/vendor/daterangepicker/daterangepicker.css HTTP/1.1" 200 8163
INFO 2020-05-26 23:24:28,864 "GET /static/vendor/select2/select2.min.css HTTP/1.1" 200 15196
INFO 2020-05-26 23:24:28,877 "GET /static/js/coding.js HTTP/1.1" 200 234
INFO 2020-05-26 23:24:28,889 "GET /static/css/util.css HTTP/1.1" 200 86814
INFO 2020-05-26 23:24:28,904 "GET /static/css/main.css HTTP/1.1" 200 10109
INFO 2020-05-26 23:24:29,022 "GET /static/images/bg-01.jpg HTTP/1.1" 200 24337
INFO 2020-05-26 23:24:29,042 "GET /static/fonts/poppins/Poppins-Regular.ttf HTTP/1.1" 200 145312
INFO 2020-05-26 23:24:29,161 "GET /static/fonts/poppins/Poppins-Bold.ttf HTTP/1.1" 200 141260
INFO 2020-05-26 23:24:29,690 "GET /static/images/CollegeLogo.png HTTP/1.1" 200 8192
INFO 2020-05-26 23:24:34,305 "POST /login/ HTTP/1.1" 302 0
INFO 2020-05-26 23:24:34,352 "GET /dashboard/ HTTP/1.1" 200 2910
INFO 2020-05-26 23:24:34,507 "GET /static/css/dashboard.css HTTP/1.1" 200 839
INFO 2020-05-26 23:24:34,508 "GET /static/images/coding.jpg HTTP/1.1" 200 8192
WARNING 2020-05-26 23:24:34,586 Not Found: /favicon.ico
WARNING 2020-05-26 23:24:34,586 Not Found: /favicon.ico
WARNING 2020-05-26 23:24:34,587 "GET /favicon.ico HTTP/1.1" 404 3860
INFO 2020-05-26 23:24:37,162 "GET /dashboard/problems/ HTTP/1.1" 200 9670
INFO 2020-05-26 23:24:37,382 "GET /static/css/problems.css HTTP/1.1" 200 686
INFO 2020-05-26 23:24:41,808 "GET /dashboard/problems/ HTTP/1.1" 200 9670
INFO 2020-05-26 23:24:42,907 "POST /dashboard/problems/1/ HTTP/1.1" 200 9264
INFO 2020-05-26 23:24:43,057 "GET /static/css/form-validation.css HTTP/1.1" 200 73
INFO 2020-05-26 23:24:43,057 "GET /static/css/problem.css HTTP/1.1" 200 876
INFO 2020-05-26 23:24:43,128 "GET /static/css/bootstrap.min.css HTTP/1.1" 200 159515
WARNING 2020-05-26 23:24:43,192 "GET /static/js/vendor/holder.min.js HTTP/1.1" 404 1693
WARNING 2020-05-26 23:24:43,197 "GET /static/js/vendor/popper.min.js HTTP/1.1" 404 1693
WARNING 2020-05-26 23:24:43,719 "GET /static/js/vendor/popper.min.js HTTP/1.1" 404 1693
WARNING 2020-05-26 23:24:43,741 "GET /static/js/vendor/holder.min.js HTTP/1.1" 404 1693
WARNING 2020-05-26 23:24:43,990 "GET /static/docs/4.0/assets/img/favicons/favicon.ico HTTP/1.1" 404 1744
INFO 2020-05-26 23:25:05,510 "GET /userprofile/parthendo/ HTTP/1.1" 200 6612
INFO 2020-05-26 23:25:05,558 "GET /static/css/profile.css HTTP/1.1" 200 1042
WARNING 2020-05-26 23:25:05,828 Not Found: /favicon.ico
WARNING 2020-05-26 23:25:05,828 Not Found: /favicon.ico
WARNING 2020-05-26 23:25:05,828 "GET /favicon.ico HTTP/1.1" 404 3860
INFO 2020-05-26 23:25:16,936 "GET /userprofile/ HTTP/1.1" 200 8266
INFO 2020-05-26 23:25:16,995 "GET /static/css/profile.css HTTP/1.1" 200 1042
INFO 2020-05-26 23:25:17,078 "GET /static/images/jayant.jpg HTTP/1.1" 200 92505
WARNING 2020-05-26 23:25:17,088 Not Found: /favicon.ico
WARNING 2020-05-26 23:25:17,088 Not Found: /favicon.ico
WARNING 2020-05-26 23:25:17,089 "GET /favicon.ico HTTP/1.1" 404 3860
INFO 2020-05-26 23:25:43,587 "GET /userprofile/parthendo/ HTTP/1.1" 200 6612
INFO 2020-05-26 23:25:43,619 "GET /static/css/profile.css HTTP/1.1" 200 1042
INFO 2020-05-26 23:25:43,907 "GET /static/images/jayant.jpg HTTP/1.1" 200 8192
INFO 2020-05-26 23:25:49,675 "GET /userprofile/parthendo/ HTTP/1.1" 200 6612
INFO 2020-05-26 23:25:49,791 "GET /static/css/profile.css HTTP/1.1" 200 1042
INFO 2020-05-26 23:26:13,218 "GET /userprofile/parthendo/ HTTP/1.1" 200 6612
INFO 2020-05-26 23:26:13,286 "GET /static/css/profile.css HTTP/1.1" 200 1042
INFO 2020-05-26 23:26:13,571 "GET /static/images/jayant.jpg HTTP/1.1" 200 8192
WARNING 2020-05-26 23:26:13,582 Not Found: /favicon.ico
WARNING 2020-05-26 23:26:13,582 Not Found: /favicon.ico
WARNING 2020-05-26 23:26:13,582 "GET /favicon.ico HTTP/1.1" 404 3860
INFO 2020-05-26 23:26:18,716 "GET /userprofile/parthendo/ HTTP/1.1" 200 6612
INFO 2020-05-26 23:26:57,412 "GET /userprofile/parthendo/ HTTP/1.1" 200 6612
WARNING 2020-05-26 23:26:57,743 Not Found: /favicon.ico
WARNING 2020-05-26 23:26:57,743 Not Found: /favicon.ico
WARNING 2020-05-26 23:26:57,743 "GET /favicon.ico HTTP/1.1" 404 3860
INFO 2020-05-26 23:28:08,930 "GET /static/js/theme-github.js HTTP/1.1" 200 2784
INFO 2020-05-26 23:28:11,845 "GET /static/js/mode-java.js HTTP/1.1" 200 8192
ERROR 2020-05-26 23:29:16,373 Internal Server Error: /dashboard/submission/1/
Traceback (most recent call last):
  File "/home/parthendo/.local/share/virtualenvs/CallOJ-K4fYLF2w/lib/python3.6/site-packages/django/core/handlers/exception.py", line 34, in inner
    response = get_response(request)
  File "/home/parthendo/.local/share/virtualenvs/CallOJ-K4fYLF2w/lib/python3.6/site-packages/django/core/handlers/base.py", line 126, in _get_response
    response = self.process_exception_by_middleware(e, request)
  File "/home/parthendo/.local/share/virtualenvs/CallOJ-K4fYLF2w/lib/python3.6/site-packages/django/core/handlers/base.py", line 124, in _get_response
    response = wrapped_callback(request, *callback_args, **callback_kwargs)
  File "/home/parthendo/.local/share/virtualenvs/CallOJ-K4fYLF2w/lib/python3.6/site-packages/django/contrib/auth/decorators.py", line 21, in _wrapped_view
    return view_func(request, *args, **kwargs)
  File "/home/parthendo/Project/CallOJ/problems/views.py", line 60, in submitProblemView
    x = utils.submitProblem(request.user, usercode, language, problem)
  File "/home/parthendo/Project/CallOJ/problems/utils.py", line 65, in submitProblem
    self.saveFile(user, problem, languageExtension, code)
  File "/home/parthendo/Project/CallOJ/problems/utils.py", line 40, in saveFile
    with open(("media/submittedFiles/" + user.username + "/" + problem.problemCode + ".txt"), "w") as file:
FileNotFoundError: [Errno 2] No such file or directory: 'media/submittedFiles/parthendo/ADDALL.txt'
ERROR 2020-05-26 23:29:16,373 Internal Server Error: /dashboard/submission/1/
Traceback (most recent call last):
  File "/home/parthendo/.local/share/virtualenvs/CallOJ-K4fYLF2w/lib/python3.6/site-packages/django/core/handlers/exception.py", line 34, in inner
    response = get_response(request)
  File "/home/parthendo/.local/share/virtualenvs/CallOJ-K4fYLF2w/lib/python3.6/site-packages/django/core/handlers/base.py", line 126, in _get_response
    response = self.process_exception_by_middleware(e, request)
  File "/home/parthendo/.local/share/virtualenvs/CallOJ-K4fYLF2w/lib/python3.6/site-packages/django/core/handlers/base.py", line 124, in _get_response
    response = wrapped_callback(request, *callback_args, **callback_kwargs)
  File "/home/parthendo/.local/share/virtualenvs/CallOJ-K4fYLF2w/lib/python3.6/site-packages/django/contrib/auth/decorators.py", line 21, in _wrapped_view
    return view_func(request, *args, **kwargs)
  File "/home/parthendo/Project/CallOJ/problems/views.py", line 60, in submitProblemView
    x = utils.submitProblem(request.user, usercode, language, problem)
  File "/home/parthendo/Project/CallOJ/problems/utils.py", line 65, in submitProblem
    self.saveFile(user, problem, languageExtension, code)
  File "/home/parthendo/Project/CallOJ/problems/utils.py", line 40, in saveFile
    with open(("media/submittedFiles/" + user.username + "/" + problem.problemCode + ".txt"), "w") as file:
FileNotFoundError: [Errno 2] No such file or directory: 'media/submittedFiles/parthendo/ADDALL.txt'
ERROR 2020-05-26 23:29:16,374 "POST /dashboard/submission/1/ HTTP/1.1" 500 91958
WARNING 2020-05-26 23:29:39,583 "GET /static/docs/4.0/assets/img/favicons/favicon.ico HTTP/1.1" 404 1744
INFO 2020-05-26 23:30:19,873 "POST /dashboard/submission/1/ HTTP/1.1" 200 10188
WARNING 2020-05-26 23:30:19,933 "GET /static/js/vendor/popper.min.js HTTP/1.1" 404 1693
WARNING 2020-05-26 23:30:19,950 "GET /static/js/vendor/holder.min.js HTTP/1.1" 404 1693
INFO 2020-05-26 23:30:19,953 "GET /static/css/problem.css HTTP/1.1" 200 876
INFO 2020-05-26 23:30:20,023 "GET /static/images/wrong3.png HTTP/1.1" 200 8192
WARNING 2020-05-26 23:30:20,178 "GET /static/js/vendor/popper.min.js HTTP/1.1" 404 1693
WARNING 2020-05-26 23:30:20,223 "GET /static/js/vendor/holder.min.js HTTP/1.1" 404 1693
WARNING 2020-05-26 23:30:20,307 "GET /static/docs/4.0/assets/img/favicons/favicon.ico HTTP/1.1" 404 1744
INFO 2020-05-26 23:31:00,611 "POST /dashboard/submission/1/ HTTP/1.1" 200 11087
WARNING 2020-05-26 23:31:00,668 "GET /static/js/vendor/holder.min.js HTTP/1.1" 404 1693
WARNING 2020-05-26 23:31:00,673 "GET /static/js/vendor/popper.min.js HTTP/1.1" 404 1693
INFO 2020-05-26 23:31:00,674 "GET /static/css/problem.css HTTP/1.1" 200 876
WARNING 2020-05-26 23:31:00,793 "GET /static/js/vendor/popper.min.js HTTP/1.1" 404 1693
WARNING 2020-05-26 23:31:00,834 "GET /static/js/vendor/holder.min.js HTTP/1.1" 404 1693
WARNING 2020-05-26 23:31:00,998 "GET /static/docs/4.0/assets/img/favicons/favicon.ico HTTP/1.1" 404 1744
INFO 2020-05-26 23:31:26,043 "GET /dashboard HTTP/1.1" 301 0
INFO 2020-05-26 23:31:26,049 "GET /dashboard/ HTTP/1.1" 200 2910
INFO 2020-05-26 23:31:26,087 "GET /static/css/dashboard.css HTTP/1.1" 200 839
WARNING 2020-05-26 23:31:26,144 Not Found: /favicon.ico
WARNING 2020-05-26 23:31:26,144 Not Found: /favicon.ico
WARNING 2020-05-26 23:31:26,145 "GET /favicon.ico HTTP/1.1" 404 3860
INFO 2020-05-26 23:31:29,506 "GET /dashboard/problems/ HTTP/1.1" 200 9670
INFO 2020-05-26 23:31:29,590 "GET /static/css/problems.css HTTP/1.1" 200 686
INFO 2020-05-26 23:31:31,871 "GET /contest/all/ HTTP/1.1" 200 6054
INFO 2020-05-26 23:31:32,054 "GET /static/css/allContests.css HTTP/1.1" 200 686
INFO 2020-05-26 23:31:35,045 "GET /dashboard/problems/ HTTP/1.1" 200 9670
INFO 2020-05-26 23:31:35,116 "GET /static/css/problems.css HTTP/1.1" 200 686
INFO 2020-05-26 23:31:36,006 "GET /dashboard/ HTTP/1.1" 200 2910
INFO 2020-05-26 23:31:36,067 "GET /static/css/dashboard.css HTTP/1.1" 200 839
INFO 2020-05-26 23:31:37,918 "GET /dashboard/problems/ HTTP/1.1" 200 9670
INFO 2020-05-26 23:31:37,994 "GET /static/css/problems.css HTTP/1.1" 200 686
INFO 2020-05-26 23:31:46,256 "GET /userprofile/ HTTP/1.1" 200 8266
INFO 2020-05-26 23:31:46,323 "GET /static/css/profile.css HTTP/1.1" 200 1042
INFO 2020-05-26 23:31:46,382 "GET /static/images/jayant.jpg HTTP/1.1" 200 92505
INFO 2020-05-26 23:31:55,571 "GET /dashboard/problems/ HTTP/1.1" 200 9670
INFO 2020-05-26 23:31:55,624 "GET /static/css/problems.css HTTP/1.1" 200 686
INFO 2020-05-26 23:31:57,146 "GET /dashboard/ HTTP/1.1" 200 2910
INFO 2020-05-26 23:31:59,206 "GET /dashboard/problems/ HTTP/1.1" 200 9670
INFO 2020-05-26 23:31:59,258 "GET /static/css/problems.css HTTP/1.1" 200 686
INFO 2020-05-26 23:32:01,271 "GET /userprofile/ HTTP/1.1" 200 8266
INFO 2020-05-26 23:32:01,328 "GET /static/css/profile.css HTTP/1.1" 200 1042
INFO 2020-05-26 23:32:01,374 "GET /static/images/jayant.jpg HTTP/1.1" 200 8192
INFO 2020-05-26 23:32:06,970 "GET /contest/all/ HTTP/1.1" 200 6054
INFO 2020-05-26 23:32:07,007 "GET /static/css/allContests.css HTTP/1.1" 200 686
WARNING 2020-05-26 23:32:13,113 Not Found: /about/
WARNING 2020-05-26 23:32:13,113 Not Found: /about/
WARNING 2020-05-26 23:32:13,113 "GET /about/ HTTP/1.1" 404 3845
WARNING 2020-05-26 23:32:20,145 Not Found: /favicon.ico
WARNING 2020-05-26 23:32:20,145 Not Found: /favicon.ico
WARNING 2020-05-26 23:32:20,146 "GET /favicon.ico HTTP/1.1" 404 3860
WARNING 2020-05-26 23:32:21,487 Not Found: /about/
WARNING 2020-05-26 23:32:21,487 Not Found: /about/
WARNING 2020-05-26 23:32:21,488 "GET /about/ HTTP/1.1" 404 3845
WARNING 2020-05-26 23:32:24,598 Not Found: /about/
WARNING 2020-05-26 23:32:24,598 Not Found: /about/
WARNING 2020-05-26 23:32:24,598 "GET /about/ HTTP/1.1" 404 3845
INFO 2020-05-27 11:28:01,162 "GET / HTTP/1.1" 200 5208
INFO 2020-05-27 11:28:02,356 "GET /static/js/coding.js HTTP/1.1" 304 0
INFO 2020-05-27 11:28:12,403 "POST /login/ HTTP/1.1" 302 0
INFO 2020-05-27 11:28:12,417 "GET /dashboard/ HTTP/1.1" 200 2910
INFO 2020-05-27 11:28:12,494 "GET /static/css/dashboard.css HTTP/1.1" 304 0
INFO 2020-05-27 11:28:12,802 "GET /static/images/coding.jpg HTTP/1.1" 304 0
WARNING 2020-05-27 11:28:13,198 Not Found: /favicon.ico
WARNING 2020-05-27 11:28:13,198 Not Found: /favicon.ico
WARNING 2020-05-27 11:28:13,198 "GET /favicon.ico HTTP/1.1" 404 3860
WARNING 2020-05-27 11:28:16,464 Not Found: /about/
WARNING 2020-05-27 11:28:16,464 Not Found: /about/
WARNING 2020-05-27 11:28:16,468 "GET /about/ HTTP/1.1" 404 3845
INFO 2020-05-27 11:28:27,078 "GET /userprofile/ HTTP/1.1" 200 8266
INFO 2020-05-27 11:28:27,251 "GET /static/css/profile.css HTTP/1.1" 200 1042
INFO 2020-05-27 11:28:38,009 "GET /userprofile/ HTTP/1.1" 200 8266
INFO 2020-05-27 11:28:42,064 "GET /userprofile/updateProfile/ HTTP/1.1" 200 5647
WARNING 2020-05-27 11:28:42,219 "GET /static/https%3A/cdnjs.cloudflare.com/ajax/libs/jquery/3.4.1/jquery.min.js HTTP/1.1" 404 1816
WARNING 2020-05-27 11:28:42,219 "GET /static/assets/mail/jqBootstrapValidation.js HTTP/1.1" 404 1732
WARNING 2020-05-27 11:28:42,220 "GET /static/https%3A/cdnjs.cloudflare.com/ajax/libs/jquery-easing/1.4.1/jquery.easing.min.js HTTP/1.1" 404 1858
WARNING 2020-05-27 11:28:42,221 "GET /static/https%3A/stackpath.bootstrapcdn.com/bootstrap/4.4.1/js/bootstrap.bundle.min.js HTTP/1.1" 404 1852
WARNING 2020-05-27 11:28:42,224 "GET /static/assets/mail/contact_me.js HTTP/1.1" 404 1699
INFO 2020-05-27 11:28:42,229 "GET /static/js/scripts.js HTTP/1.1" 200 2427
INFO 2020-05-27 11:28:42,237 "GET /static/css/updateProfile.css HTTP/1.1" 200 710
WARNING 2020-05-27 11:28:42,304 "GET /static/https%3A/cdnjs.cloudflare.com/ajax/libs/jquery/3.4.1/jquery.min.js HTTP/1.1" 404 1816
WARNING 2020-05-27 11:28:42,312 "GET /static/https%3A/stackpath.bootstrapcdn.com/bootstrap/4.4.1/js/bootstrap.bundle.min.js HTTP/1.1" 404 1852
WARNING 2020-05-27 11:28:42,321 "GET /static/https%3A/cdnjs.cloudflare.com/ajax/libs/jquery-easing/1.4.1/jquery.easing.min.js HTTP/1.1" 404 1858
WARNING 2020-05-27 11:28:42,335 "GET /static/assets/mail/jqBootstrapValidation.js HTTP/1.1" 404 1732
WARNING 2020-05-27 11:28:42,344 "GET /static/assets/mail/contact_me.js HTTP/1.1" 404 1699
INFO 2020-05-27 11:28:48,974 "GET /userprofile/ HTTP/1.1" 200 8266
INFO 2020-05-27 11:28:52,054 "GET /userprofile/playlist/Implementation/questions/ HTTP/1.1" 200 9229
INFO 2020-05-27 11:29:26,914 "POST /userprofile/Implementation/addQuestion/ HTTP/1.1" 302 0
INFO 2020-05-27 11:29:26,928 "GET /userprofile/playlist/Implementation/questions/ HTTP/1.1" 200 9510
INFO 2020-05-27 11:32:43,290 "GET /userprofile/ HTTP/1.1" 200 8266
INFO 2020-05-27 11:52:24,534 "GET /contest/all/ HTTP/1.1" 200 6054
INFO 2020-05-27 11:52:24,594 "GET /static/css/allContests.css HTTP/1.1" 304 0
INFO 2020-05-27 11:52:52,705 "GET /contest/all/ HTTP/1.1" 200 6054
INFO 2020-05-27 11:53:05,280 "GET /contest/all/ HTTP/1.1" 200 6054
INFO 2020-05-27 11:53:39,035 "GET /contest/create/ HTTP/1.1" 200 17114
WARNING 2020-05-27 11:53:39,095 "GET /static/js/vendor/holder.min.js HTTP/1.1" 404 1693
WARNING 2020-05-27 11:53:39,096 "GET /static/js/vendor/popper.min.js HTTP/1.1" 404 1693
INFO 2020-05-27 11:53:39,102 "GET /static/css/createContest.css HTTP/1.1" 304 0
INFO 2020-05-27 11:53:39,240 "GET /static/css/bootstrap.min.css HTTP/1.1" 304 0
WARNING 2020-05-27 11:53:39,319 "GET /static/js/vendor/popper.min.js HTTP/1.1" 404 1693
WARNING 2020-05-27 11:53:39,382 "GET /static/js/vendor/holder.min.js HTTP/1.1" 404 1693
WARNING 2020-05-27 11:53:39,649 "GET /static/docs/4.0/assets/img/favicons/favicon.ico HTTP/1.1" 404 1744
INFO 2020-05-27 11:54:39,537 "POST /contest/submit/ HTTP/1.1" 302 0
INFO 2020-05-27 11:54:39,551 "GET /contest/all/ HTTP/1.1" 200 6773
INFO 2020-05-27 11:55:11,100 "GET /contest/all/ HTTP/1.1" 200 6773
INFO 2020-05-27 11:55:42,396 "GET /contest/all/ HTTP/1.1" 200 6773
INFO 2020-05-27 11:58:08,071 "GET /contest/all/ HTTP/1.1" 200 7648
INFO 2020-05-27 11:58:27,358 "POST /contest/1/ HTTP/1.1" 200 4105
INFO 2020-05-27 11:58:27,394 "GET /static/css/contestQuestions.css HTTP/1.1" 304 0
INFO 2020-05-27 11:58:37,832 "GET /dashboard/ HTTP/1.1" 200 2910
INFO 2020-05-27 11:58:42,865 "GET /userprofile/ HTTP/1.1" 200 8266
INFO 2020-05-27 11:59:43,199 "GET /userprofile/ HTTP/1.1" 200 8275
INFO 2020-05-27 12:00:28,192 "GET /userprofile/ HTTP/1.1" 200 8248
INFO 2020-05-27 12:00:36,531 "POST /userprofile/addCategory/ HTTP/1.1" 302 0
INFO 2020-05-27 12:00:36,582 "GET /userprofile/ HTTP/1.1" 200 8484
INFO 2020-05-27 12:01:00,661 "POST /userprofile/addCategory/ HTTP/1.1" 302 0
INFO 2020-05-27 12:01:00,671 "GET /userprofile/ HTTP/1.1" 200 8730
INFO 2020-05-27 12:01:54,497 "GET /userprofile/ HTTP/1.1" 200 8709
INFO 2020-05-27 12:01:57,348 "GET /userprofile/ HTTP/1.1" 200 8709
INFO 2020-05-27 12:04:33,684 "GET /userprofile/ HTTP/1.1" 200 8709
INFO 2020-05-27 12:04:36,832 "GET /contest/all/ HTTP/1.1" 200 7648
INFO 2020-05-27 12:24:21,384 "GET /contest/all/ HTTP/1.1" 200 7648
INFO 2020-05-27 12:51:48,529 "GET /about1/ HTTP/1.1" 200 4763
INFO 2020-05-27 12:51:48,661 "GET /static/css/about.css HTTP/1.1" 200 748
INFO 2020-05-27 12:54:17,402 "GET /about1 HTTP/1.1" 301 0
INFO 2020-05-27 12:54:17,429 "GET /about1/ HTTP/1.1" 200 4763
INFO 2020-05-27 12:54:19,559 "GET /about2/ HTTP/1.1" 200 7855
INFO 2020-05-27 12:54:21,693 "GET /about3/ HTTP/1.1" 200 5447
INFO 2020-05-27 12:57:33,116 "GET /contest/all/ HTTP/1.1" 200 8024
INFO 2020-05-27 12:57:50,739 "GET /about2/ HTTP/1.1" 200 7855
INFO 2020-05-27 12:57:55,316 "GET /contest/all/ HTTP/1.1" 200 8024
INFO 2020-05-27 12:58:56,140 "GET /contest/all/ HTTP/1.1" 200 8024
INFO 2020-05-27 12:59:55,490 "GET /contest/all/ HTTP/1.1" 200 7224
INFO 2020-05-27 13:00:07,117 "GET /contest/create/ HTTP/1.1" 200 17476
WARNING 2020-05-27 13:00:07,169 "GET /static/js/vendor/popper.min.js HTTP/1.1" 404 1693
WARNING 2020-05-27 13:00:07,177 "GET /static/js/vendor/holder.min.js HTTP/1.1" 404 1693
WARNING 2020-05-27 13:00:07,446 "GET /static/js/vendor/popper.min.js HTTP/1.1" 404 1693
WARNING 2020-05-27 13:00:07,462 "GET /static/js/vendor/holder.min.js HTTP/1.1" 404 1693
INFO 2020-05-27 13:00:44,663 "POST /contest/submit/ HTTP/1.1" 302 0
INFO 2020-05-27 13:00:44,672 "GET /contest/all/ HTTP/1.1" 200 7926
INFO 2020-05-27 13:01:19,626 "POST /contest/1/ HTTP/1.1" 200 4624
INFO 2020-05-27 13:01:29,578 "GET /contest/all/ HTTP/1.1" 200 8784
INFO 2020-05-27 13:14:04,792 "GET /contest/ HTTP/1.1" 200 842
WARNING 2020-05-27 13:14:04,830 Not Found: /home/jayant/Desktop/Latest/CallOJ/static/images/i.jpg
WARNING 2020-05-27 13:14:04,830 Not Found: /home/jayant/Desktop/Latest/CallOJ/static/images/i.jpg
WARNING 2020-05-27 13:14:04,874 "GET /home/jayant/Desktop/Latest/CallOJ/static/images/i.jpg HTTP/1.1" 404 3986
INFO 2020-05-27 13:15:07,007 "GET /contest/ HTTP/1.1" 200 809
INFO 2020-05-27 13:15:07,051 "GET /static/images/i.jpg HTTP/1.1" 200 26233
ERROR 2020-05-27 13:17:36,262 Internal Server Error: /contest/
Traceback (most recent call last):
  File "/home/jayant/.local/share/virtualenvs/CallOJ-Oz8ajVND/lib/python3.6/site-packages/django/template/base.py", line 470, in parse
    compile_func = self.tags[command]
KeyError: 'media'

During handling of the above exception, another exception occurred:

Traceback (most recent call last):
  File "/home/jayant/.local/share/virtualenvs/CallOJ-Oz8ajVND/lib/python3.6/site-packages/django/core/handlers/exception.py", line 34, in inner
    response = get_response(request)
  File "/home/jayant/.local/share/virtualenvs/CallOJ-Oz8ajVND/lib/python3.6/site-packages/django/core/handlers/base.py", line 126, in _get_response
    response = self.process_exception_by_middleware(e, request)
  File "/home/jayant/.local/share/virtualenvs/CallOJ-Oz8ajVND/lib/python3.6/site-packages/django/core/handlers/base.py", line 124, in _get_response
    response = wrapped_callback(request, *callback_args, **callback_kwargs)
  File "/home/jayant/Desktop/Latest/CallOJ/contest/views.py", line 19, in contestsView
    return render(request,'thanks.html')
  File "/home/jayant/.local/share/virtualenvs/CallOJ-Oz8ajVND/lib/python3.6/site-packages/django/shortcuts.py", line 36, in render
    content = loader.render_to_string(template_name, context, request, using=using)
  File "/home/jayant/.local/share/virtualenvs/CallOJ-Oz8ajVND/lib/python3.6/site-packages/django/template/loader.py", line 61, in render_to_string
    template = get_template(template_name, using=using)
  File "/home/jayant/.local/share/virtualenvs/CallOJ-Oz8ajVND/lib/python3.6/site-packages/django/template/loader.py", line 15, in get_template
    return engine.get_template(template_name)
  File "/home/jayant/.local/share/virtualenvs/CallOJ-Oz8ajVND/lib/python3.6/site-packages/django/template/backends/django.py", line 34, in get_template
    return Template(self.engine.get_template(template_name), self)
  File "/home/jayant/.local/share/virtualenvs/CallOJ-Oz8ajVND/lib/python3.6/site-packages/django/template/engine.py", line 144, in get_template
    template, origin = self.find_template(template_name)
  File "/home/jayant/.local/share/virtualenvs/CallOJ-Oz8ajVND/lib/python3.6/site-packages/django/template/engine.py", line 126, in find_template
    template = loader.get_template(name, skip=skip)
  File "/home/jayant/.local/share/virtualenvs/CallOJ-Oz8ajVND/lib/python3.6/site-packages/django/template/loaders/base.py", line 30, in get_template
    contents, origin, origin.template_name, self.engine,
  File "/home/jayant/.local/share/virtualenvs/CallOJ-Oz8ajVND/lib/python3.6/site-packages/django/template/base.py", line 156, in __init__
    self.nodelist = self.compile_nodelist()
  File "/home/jayant/.local/share/virtualenvs/CallOJ-Oz8ajVND/lib/python3.6/site-packages/django/template/base.py", line 194, in compile_nodelist
    return parser.parse()
  File "/home/jayant/.local/share/virtualenvs/CallOJ-Oz8ajVND/lib/python3.6/site-packages/django/template/base.py", line 472, in parse
    self.invalid_block_tag(token, command, parse_until)
  File "/home/jayant/.local/share/virtualenvs/CallOJ-Oz8ajVND/lib/python3.6/site-packages/django/template/base.py", line 534, in invalid_block_tag
    "or load this tag?" % (token.lineno, command)
django.template.exceptions.TemplateSyntaxError: Invalid block tag on line 2: 'media'. Did you forget to register or load this tag?
ERROR 2020-05-27 13:17:36,262 Internal Server Error: /contest/
Traceback (most recent call last):
  File "/home/jayant/.local/share/virtualenvs/CallOJ-Oz8ajVND/lib/python3.6/site-packages/django/template/base.py", line 470, in parse
    compile_func = self.tags[command]
KeyError: 'media'

During handling of the above exception, another exception occurred:

Traceback (most recent call last):
  File "/home/jayant/.local/share/virtualenvs/CallOJ-Oz8ajVND/lib/python3.6/site-packages/django/core/handlers/exception.py", line 34, in inner
    response = get_response(request)
  File "/home/jayant/.local/share/virtualenvs/CallOJ-Oz8ajVND/lib/python3.6/site-packages/django/core/handlers/base.py", line 126, in _get_response
    response = self.process_exception_by_middleware(e, request)
  File "/home/jayant/.local/share/virtualenvs/CallOJ-Oz8ajVND/lib/python3.6/site-packages/django/core/handlers/base.py", line 124, in _get_response
    response = wrapped_callback(request, *callback_args, **callback_kwargs)
  File "/home/jayant/Desktop/Latest/CallOJ/contest/views.py", line 19, in contestsView
    return render(request,'thanks.html')
  File "/home/jayant/.local/share/virtualenvs/CallOJ-Oz8ajVND/lib/python3.6/site-packages/django/shortcuts.py", line 36, in render
    content = loader.render_to_string(template_name, context, request, using=using)
  File "/home/jayant/.local/share/virtualenvs/CallOJ-Oz8ajVND/lib/python3.6/site-packages/django/template/loader.py", line 61, in render_to_string
    template = get_template(template_name, using=using)
  File "/home/jayant/.local/share/virtualenvs/CallOJ-Oz8ajVND/lib/python3.6/site-packages/django/template/loader.py", line 15, in get_template
    return engine.get_template(template_name)
  File "/home/jayant/.local/share/virtualenvs/CallOJ-Oz8ajVND/lib/python3.6/site-packages/django/template/backends/django.py", line 34, in get_template
    return Template(self.engine.get_template(template_name), self)
  File "/home/jayant/.local/share/virtualenvs/CallOJ-Oz8ajVND/lib/python3.6/site-packages/django/template/engine.py", line 144, in get_template
    template, origin = self.find_template(template_name)
  File "/home/jayant/.local/share/virtualenvs/CallOJ-Oz8ajVND/lib/python3.6/site-packages/django/template/engine.py", line 126, in find_template
    template = loader.get_template(name, skip=skip)
  File "/home/jayant/.local/share/virtualenvs/CallOJ-Oz8ajVND/lib/python3.6/site-packages/django/template/loaders/base.py", line 30, in get_template
    contents, origin, origin.template_name, self.engine,
  File "/home/jayant/.local/share/virtualenvs/CallOJ-Oz8ajVND/lib/python3.6/site-packages/django/template/base.py", line 156, in __init__
    self.nodelist = self.compile_nodelist()
  File "/home/jayant/.local/share/virtualenvs/CallOJ-Oz8ajVND/lib/python3.6/site-packages/django/template/base.py", line 194, in compile_nodelist
    return parser.parse()
  File "/home/jayant/.local/share/virtualenvs/CallOJ-Oz8ajVND/lib/python3.6/site-packages/django/template/base.py", line 472, in parse
    self.invalid_block_tag(token, command, parse_until)
  File "/home/jayant/.local/share/virtualenvs/CallOJ-Oz8ajVND/lib/python3.6/site-packages/django/template/base.py", line 534, in invalid_block_tag
    "or load this tag?" % (token.lineno, command)
django.template.exceptions.TemplateSyntaxError: Invalid block tag on line 2: 'media'. Did you forget to register or load this tag?
ERROR 2020-05-27 13:17:36,263 "GET /contest/ HTTP/1.1" 500 133374
ERROR 2020-05-27 13:19:41,243 Internal Server Error: /contest/
Traceback (most recent call last):
  File "/home/jayant/.local/share/virtualenvs/CallOJ-Oz8ajVND/lib/python3.6/site-packages/django/template/base.py", line 470, in parse
    compile_func = self.tags[command]
KeyError: 'media'

During handling of the above exception, another exception occurred:

Traceback (most recent call last):
  File "/home/jayant/.local/share/virtualenvs/CallOJ-Oz8ajVND/lib/python3.6/site-packages/django/core/handlers/exception.py", line 34, in inner
    response = get_response(request)
  File "/home/jayant/.local/share/virtualenvs/CallOJ-Oz8ajVND/lib/python3.6/site-packages/django/core/handlers/base.py", line 126, in _get_response
    response = self.process_exception_by_middleware(e, request)
  File "/home/jayant/.local/share/virtualenvs/CallOJ-Oz8ajVND/lib/python3.6/site-packages/django/core/handlers/base.py", line 124, in _get_response
    response = wrapped_callback(request, *callback_args, **callback_kwargs)
  File "/home/jayant/Desktop/Latest/CallOJ/contest/views.py", line 19, in contestsView
    return render(request,'thanks.html')
  File "/home/jayant/.local/share/virtualenvs/CallOJ-Oz8ajVND/lib/python3.6/site-packages/django/shortcuts.py", line 36, in render
    content = loader.render_to_string(template_name, context, request, using=using)
  File "/home/jayant/.local/share/virtualenvs/CallOJ-Oz8ajVND/lib/python3.6/site-packages/django/template/loader.py", line 61, in render_to_string
    template = get_template(template_name, using=using)
  File "/home/jayant/.local/share/virtualenvs/CallOJ-Oz8ajVND/lib/python3.6/site-packages/django/template/loader.py", line 15, in get_template
    return engine.get_template(template_name)
  File "/home/jayant/.local/share/virtualenvs/CallOJ-Oz8ajVND/lib/python3.6/site-packages/django/template/backends/django.py", line 34, in get_template
    return Template(self.engine.get_template(template_name), self)
  File "/home/jayant/.local/share/virtualenvs/CallOJ-Oz8ajVND/lib/python3.6/site-packages/django/template/engine.py", line 144, in get_template
    template, origin = self.find_template(template_name)
  File "/home/jayant/.local/share/virtualenvs/CallOJ-Oz8ajVND/lib/python3.6/site-packages/django/template/engine.py", line 126, in find_template
    template = loader.get_template(name, skip=skip)
  File "/home/jayant/.local/share/virtualenvs/CallOJ-Oz8ajVND/lib/python3.6/site-packages/django/template/loaders/base.py", line 30, in get_template
    contents, origin, origin.template_name, self.engine,
  File "/home/jayant/.local/share/virtualenvs/CallOJ-Oz8ajVND/lib/python3.6/site-packages/django/template/base.py", line 156, in __init__
    self.nodelist = self.compile_nodelist()
  File "/home/jayant/.local/share/virtualenvs/CallOJ-Oz8ajVND/lib/python3.6/site-packages/django/template/base.py", line 194, in compile_nodelist
    return parser.parse()
  File "/home/jayant/.local/share/virtualenvs/CallOJ-Oz8ajVND/lib/python3.6/site-packages/django/template/base.py", line 472, in parse
    self.invalid_block_tag(token, command, parse_until)
  File "/home/jayant/.local/share/virtualenvs/CallOJ-Oz8ajVND/lib/python3.6/site-packages/django/template/base.py", line 534, in invalid_block_tag
    "or load this tag?" % (token.lineno, command)
django.template.exceptions.TemplateSyntaxError: Invalid block tag on line 2: 'media'. Did you forget to register or load this tag?
ERROR 2020-05-27 13:19:41,243 Internal Server Error: /contest/
Traceback (most recent call last):
  File "/home/jayant/.local/share/virtualenvs/CallOJ-Oz8ajVND/lib/python3.6/site-packages/django/template/base.py", line 470, in parse
    compile_func = self.tags[command]
KeyError: 'media'

During handling of the above exception, another exception occurred:

Traceback (most recent call last):
  File "/home/jayant/.local/share/virtualenvs/CallOJ-Oz8ajVND/lib/python3.6/site-packages/django/core/handlers/exception.py", line 34, in inner
    response = get_response(request)
  File "/home/jayant/.local/share/virtualenvs/CallOJ-Oz8ajVND/lib/python3.6/site-packages/django/core/handlers/base.py", line 126, in _get_response
    response = self.process_exception_by_middleware(e, request)
  File "/home/jayant/.local/share/virtualenvs/CallOJ-Oz8ajVND/lib/python3.6/site-packages/django/core/handlers/base.py", line 124, in _get_response
    response = wrapped_callback(request, *callback_args, **callback_kwargs)
  File "/home/jayant/Desktop/Latest/CallOJ/contest/views.py", line 19, in contestsView
    return render(request,'thanks.html')
  File "/home/jayant/.local/share/virtualenvs/CallOJ-Oz8ajVND/lib/python3.6/site-packages/django/shortcuts.py", line 36, in render
    content = loader.render_to_string(template_name, context, request, using=using)
  File "/home/jayant/.local/share/virtualenvs/CallOJ-Oz8ajVND/lib/python3.6/site-packages/django/template/loader.py", line 61, in render_to_string
    template = get_template(template_name, using=using)
  File "/home/jayant/.local/share/virtualenvs/CallOJ-Oz8ajVND/lib/python3.6/site-packages/django/template/loader.py", line 15, in get_template
    return engine.get_template(template_name)
  File "/home/jayant/.local/share/virtualenvs/CallOJ-Oz8ajVND/lib/python3.6/site-packages/django/template/backends/django.py", line 34, in get_template
    return Template(self.engine.get_template(template_name), self)
  File "/home/jayant/.local/share/virtualenvs/CallOJ-Oz8ajVND/lib/python3.6/site-packages/django/template/engine.py", line 144, in get_template
    template, origin = self.find_template(template_name)
  File "/home/jayant/.local/share/virtualenvs/CallOJ-Oz8ajVND/lib/python3.6/site-packages/django/template/engine.py", line 126, in find_template
    template = loader.get_template(name, skip=skip)
  File "/home/jayant/.local/share/virtualenvs/CallOJ-Oz8ajVND/lib/python3.6/site-packages/django/template/loaders/base.py", line 30, in get_template
    contents, origin, origin.template_name, self.engine,
  File "/home/jayant/.local/share/virtualenvs/CallOJ-Oz8ajVND/lib/python3.6/site-packages/django/template/base.py", line 156, in __init__
    self.nodelist = self.compile_nodelist()
  File "/home/jayant/.local/share/virtualenvs/CallOJ-Oz8ajVND/lib/python3.6/site-packages/django/template/base.py", line 194, in compile_nodelist
    return parser.parse()
  File "/home/jayant/.local/share/virtualenvs/CallOJ-Oz8ajVND/lib/python3.6/site-packages/django/template/base.py", line 472, in parse
    self.invalid_block_tag(token, command, parse_until)
  File "/home/jayant/.local/share/virtualenvs/CallOJ-Oz8ajVND/lib/python3.6/site-packages/django/template/base.py", line 534, in invalid_block_tag
    "or load this tag?" % (token.lineno, command)
django.template.exceptions.TemplateSyntaxError: Invalid block tag on line 2: 'media'. Did you forget to register or load this tag?
ERROR 2020-05-27 13:19:41,244 "GET /contest/ HTTP/1.1" 500 133374
INFO 2020-05-27 13:19:57,495 "GET /contest/ HTTP/1.1" 200 847
WARNING 2020-05-27 13:19:57,550 "GET /static/images/%7B%7B%20request.user.username%20%7D%7D.jpg HTTP/1.1" 404 1750
INFO 2020-05-27 13:22:14,710 "GET /contest/ HTTP/1.1" 200 819
WARNING 2020-05-27 13:22:14,787 Not Found: /media/parthendo/parthendo.jpg
WARNING 2020-05-27 13:22:14,787 Not Found: /media/parthendo/parthendo.jpg
WARNING 2020-05-27 13:22:14,788 "GET /media/parthendo/parthendo.jpg HTTP/1.1" 404 1831
INFO 2020-05-27 13:22:39,353 "GET /contest/ HTTP/1.1" 200 834
INFO 2020-05-27 13:22:39,393 "GET /media/submittedFiles/parthendo/parthendo.jpg HTTP/1.1" 200 4537
INFO 2020-05-27 13:24:58,274 "GET /contest/ HTTP/1.1" 200 834
INFO 2020-05-27 13:26:51,257 "GET /userprofile/ HTTP/1.1" 200 9071
INFO 2020-05-27 13:26:51,291 "GET /static/css/profile.css HTTP/1.1" 200 1140
INFO 2020-05-27 13:26:51,574 "GET /static/images/jayant.jpg HTTP/1.1" 200 92505
INFO 2020-05-27 13:27:22,547 "GET /userprofile/ HTTP/1.1" 200 9071
INFO 2020-05-27 13:27:22,597 "GET /static/css/profile.css HTTP/1.1" 200 1145
INFO 2020-05-27 13:27:25,458 "GET /userprofile/ HTTP/1.1" 200 9071
INFO 2020-05-27 13:27:25,498 "GET /static/css/profile.css HTTP/1.1" 304 0
INFO 2020-05-27 13:27:26,641 "GET /userprofile/ HTTP/1.1" 200 9071
INFO 2020-05-27 13:27:26,664 "GET /static/css/profile.css HTTP/1.1" 304 0
INFO 2020-05-27 13:27:28,726 "GET /dashboard/problems/ HTTP/1.1" 200 10183
INFO 2020-05-27 13:27:28,790 "GET /static/css/problems.css HTTP/1.1" 200 686
INFO 2020-05-27 13:27:31,328 "GET /logout/ HTTP/1.1" 302 0
INFO 2020-05-27 13:27:31,374 "GET / HTTP/1.1" 200 5208
INFO 2020-05-27 13:27:31,443 "GET /static/js/coding.js HTTP/1.1" 304 0
INFO 2020-05-27 13:27:40,322 "POST /login/ HTTP/1.1" 302 0
INFO 2020-05-27 13:27:40,328 "GET / HTTP/1.1" 200 5251
INFO 2020-05-27 13:27:47,228 "POST /login/ HTTP/1.1" 302 0
INFO 2020-05-27 13:27:47,262 "GET /dashboard/ HTTP/1.1" 200 3286
INFO 2020-05-27 13:27:47,347 "GET /static/css/dashboard.css HTTP/1.1" 304 0
INFO 2020-05-27 13:27:47,520 "GET /static/images/coding.jpg HTTP/1.1" 304 0
INFO 2020-05-27 13:27:50,682 "GET /userprofile/ HTTP/1.1" 200 9071
INFO 2020-05-27 13:27:50,730 "GET /static/css/profile.css HTTP/1.1" 304 0
INFO 2020-05-27 13:28:14,608 "GET /logout/ HTTP/1.1" 302 0
INFO 2020-05-27 13:28:14,642 "GET / HTTP/1.1" 200 5208
INFO 2020-05-27 19:44:17,067 "POST /login/ HTTP/1.1" 302 0
INFO 2020-05-27 19:44:17,104 "GET /dashboard/ HTTP/1.1" 200 3286
INFO 2020-05-27 19:44:17,185 "GET /static/css/dashboard.css HTTP/1.1" 304 0
INFO 2020-05-27 19:44:17,584 "GET /static/images/coding.jpg HTTP/1.1" 304 0
INFO 2020-05-27 19:44:21,385 "GET /contest/all/ HTTP/1.1" 200 7986
INFO 2020-05-27 19:44:21,442 "GET /static/css/allContests.css HTTP/1.1" 304 0
INFO 2020-05-27 19:44:42,653 "GET /about2/ HTTP/1.1" 200 7855
INFO 2020-05-27 19:44:42,712 "GET /static/css/about.css HTTP/1.1" 304 0
INFO 2020-05-27 19:44:55,939 "POST /contest/1/ HTTP/1.1" 200 4624
INFO 2020-05-27 19:44:55,990 "GET /static/css/contestQuestions.css HTTP/1.1" 304 0
